<?xml version="1.0" encoding="UTF-8" ?>
<testsuites name="vitest tests" tests="7" failures="0" errors="0" time="0.297">
    <testsuite name="tests/unit/lib/file-resolver.test.ts" timestamp="2026-03-25T12:42:37.742Z" hostname="MacBook-Pro-2.home.local" tests="3" failures="0" errors="0" skipped="0" time="0.015">
        <testcase classname="tests/unit/lib/file-resolver.test.ts" name="resolveJunitFiles &gt; resolves XML files from a directory input" time="0.007">
        </testcase>
        <testcase classname="tests/unit/lib/file-resolver.test.ts" name="resolveJunitFiles &gt; resolves XML files from a glob input" time="0.004">
        </testcase>
        <testcase classname="tests/unit/lib/file-resolver.test.ts" name="resolveJunitFiles &gt; throws on missing path" time="0.003">
        </testcase>
    </testsuite>
    <testsuite name="tests/unit/lib/junit-parser.test.ts" timestamp="2026-03-25T12:42:37.744Z" hostname="MacBook-Pro-2.home.local" tests="4" failures="0" errors="0" skipped="0" time="0.005">
        <testcase classname="tests/unit/lib/junit-parser.test.ts" name="parseJUnitXml &gt; parses pass/fail testcases and durations" time="0.003">
        </testcase>
        <testcase classname="tests/unit/lib/junit-parser.test.ts" name="parseJUnitXml &gt; preserves sub-millisecond test duration as at least 1ms and infers suite timing" time="0.001">
        </testcase>
        <testcase classname="tests/unit/lib/junit-parser.test.ts" name="parseJUnitXml &gt; warns when file metadata is missing" time="0.001">
        </testcase>
        <testcase classname="tests/unit/lib/junit-parser.test.ts" name="parseJUnitXml &gt; warns when no testcases are parsed" time="0">
        </testcase>
    </testsuite>
</testsuites>
